e:\shihwei\documents\visual studio 2013\projects\ismd\ismd\release\vc120.pdb
e:\shihwei\documents\visual studio 2013\projects\ismd\ismd\release\codebook.obj
e:\shihwei\documents\visual studio 2013\projects\ismd\ismd\release\vibe.obj
e:\shihwei\documents\visual studio 2013\projects\ismd\ismd\release\ismd_main.obj
e:\shihwei\documents\visual studio 2013\projects\ismd\release\ismd.exe
e:\shihwei\documents\visual studio 2013\projects\ismd\release\ismd.pdb
e:\shihwei\documents\visual studio 2013\projects\ismd\ismd\release\bgfg_vibe.obj
e:\shihwei\documents\visual studio 2013\projects\ismd\ismd\release\bgfg_vibe_main.obj
e:\shihwei\documents\visual studio 2013\projects\ismd\ismd\release\main-opencv.obj
e:\shihwei\documents\visual studio 2013\projects\ismd\ismd\release\main.obj
e:\shihwei\documents\visual studio 2013\projects\ismd\ismd\release\multicameradetect.obj
e:\shihwei\documents\visual studio 2013\projects\ismd\ismd\release\source.obj
e:\shihwei\documents\visual studio 2013\projects\ismd\ismd\release\vibe_main.obj
e:\shihwei\documents\visual studio 2013\projects\ismd\ismd\release\your-main-file-sequential.obj
e:\shihwei\documents\visual studio 2013\projects\ismd\ismd\release\ismd.tlog\cl.command.1.tlog
e:\shihwei\documents\visual studio 2013\projects\ismd\ismd\release\ismd.tlog\cl.read.1.tlog
e:\shihwei\documents\visual studio 2013\projects\ismd\ismd\release\ismd.tlog\cl.write.1.tlog
e:\shihwei\documents\visual studio 2013\projects\ismd\ismd\release\ismd.tlog\link.command.1.tlog
e:\shihwei\documents\visual studio 2013\projects\ismd\ismd\release\ismd.tlog\link.read.1.tlog
e:\shihwei\documents\visual studio 2013\projects\ismd\ismd\release\ismd.tlog\link.write.1.tlog
